<?xml version="1.0" encoding="utf-8"?><testsuites name="pytest tests"><testsuite name="pytest" errors="0" failures="0" skipped="0" tests="9" time="8.483" timestamp="2026-09-25T10:55:05.826485+00:00" hostname="agent-env-b10f83e0-d64c-4a1e-b5f4-526234e00fc8"><testcase classname="tests.test_iteration2_bug.TestBootstrapCode" name="test_wrong_token_401" time="0.201" /><testcase classname="tests.test_iteration2_bug.TestBootstrapCode" name="test_no_code_yet_404" time="0.126" /><testcase classname="tests.test_iteration2_bug.TestBootstrapCode" name="test_widened_works_for_non_admin" time="0.960" /><testcase classname="tests.test_iteration2_bug.TestOwnerSignInAndDashboard" name="test_owner_e2e_dashboard_200" time="1.024" /><testcase classname="tests.test_iteration2_bug.TestOwnerSignInAndDashboard" name="test_owner_admin_pages_200" time="1.233" /><testcase classname="tests.test_iteration2_bug.TestOwnerSignInAndDashboard" name="test_admin2_regression_dashboard_200" time="0.968" /><testcase classname="tests.test_iteration2_bug.TestNeutralRequestCode" name="test_unknown_email_neutral_and_no_side_effects" time="0.626" /><testcase classname="tests.test_iteration2_bug.TestOtpHygiene" name="test_new_code_invalidates_old_and_no_reuse" time="2.310" /><testcase classname="tests.test_iteration2_bug.TestLeadsCleanup" name="test_admin_leads_no_test_rows" time="0.979" /></testsuite></testsuites>