<?xml version="1.0" encoding="utf-8"?><testsuites name="pytest tests"><testsuite name="pytest" errors="0" failures="0" skipped="0" tests="11" time="4.588" timestamp="2026-09-20T11:29:09.919348+00:00" hostname="agent-env-b10f83e0-d64c-4a1e-b5f4-526234e00fc8"><testcase classname="tests.test_phase1_flows" name="test_health" time="0.518" /><testcase classname="tests.test_phase1_flows" name="test_invite_request_known_type_creates_new_lead" time="0.208" /><testcase classname="tests.test_phase1_flows" name="test_invite_request_other_type_manual_review" time="0.178" /><testcase classname="tests.test_phase1_flows" name="test_invite_request_idempotent_same_email" time="0.287" /><testcase classname="tests.test_phase1_flows" name="test_invite_request_honeypot_stores_nothing" time="0.127" /><testcase classname="tests.test_phase1_flows" name="test_invite_request_rate_limited" time="1.100" /><testcase classname="tests.test_phase1_flows" name="test_admin_guard_401_without_session" time="0.114" /><testcase classname="tests.test_phase1_flows" name="test_request_code_neutral_known_and_unknown" time="0.338" /><testcase classname="tests.test_phase1_flows" name="test_admin_login_flow" time="0.352" /><testcase classname="tests.test_phase1_flows" name="test_full_invite_consume_setup_and_suspend" time="1.190" /><testcase classname="tests.test_phase1_flows" name="test_consume_invalid_token" time="0.110" /></testsuite></testsuites>