<?xml version="1.0" encoding="utf-8"?><testsuites name="pytest tests"><testsuite name="pytest" errors="0" failures="1" skipped="0" tests="89" time="22.325" timestamp="2026-09-25T11:07:14.395701+00:00" hostname="agent-env-b10f83e0-d64c-4a1e-b5f4-526234e00fc8"><testcase classname="tests.test_audit_chain" name="test_audit_chain_valid_and_tamper_detected" time="0.011" /><testcase classname="tests.test_audit_chain" name="test_audit_sequence_unique_index" time="0.006" /><testcase classname="tests.test_auth_flows" name="test_neutral_login_message_identical" time="0.255" /><testcase classname="tests.test_auth_flows" name="test_wrong_code_locks_after_5" time="0.184" /><testcase classname="tests.test_auth_flows" name="test_new_code_cancels_old" time="0.229" /><testcase classname="tests.test_auth_flows" name="test_suspended_user_gets_no_code" time="0.058" /><testcase classname="tests.test_auth_flows" name="test_invite_rate_limit_and_dedupe" time="0.916" /><testcase classname="tests.test_auth_flows" name="test_manual_review_for_other_business_type" time="0.114" /><testcase classname="tests.test_auth_flows" name="test_honeypot_stores_nothing" time="0.005" /><testcase classname="tests.test_auth_flows" name="test_expired_and_reused_invite" time="0.014" /><testcase classname="tests.test_bootstrap_code" name="test_bootstrap_reads_code_for_non_admin_email" time="0.009" /><testcase classname="tests.test_bootstrap_code" name="test_bootstrap_normalises_email_case" time="0.008" /><testcase classname="tests.test_bootstrap_code" name="test_bootstrap_rejects_bad_token" time="0.007" /><testcase classname="tests.test_bootstrap_code" name="test_bootstrap_flags_stale_code_as_unusable" time="0.008" /><testcase classname="tests.test_bootstrap_code" name="test_bootstrap_404_when_no_code_for_address" time="0.007" /><testcase classname="tests.test_dashboard" name="test_dashboard_counts_bucket_correctly" time="0.010" /><testcase classname="tests.test_dashboard" name="test_hub_conversation_merges_and_orders" time="0.037" /><testcase classname="tests.test_dashboard" name="test_hub_conversation_self_share_appends_info_row" time="0.009" /><testcase classname="tests.test_dashboard" name="test_hub_conversation_cross_org_404" time="0.011" /><testcase classname="tests.test_dashboard" name="test_hub_conversation_unknown_id_404" time="0.008" /><testcase classname="tests.test_dashboard" name="test_dashboard_isolation_empty_for_new_org" time="0.009" /><testcase classname="tests.test_dashboard" name="test_hub_conversation_exposes_email_fallback_state" time="0.010" /><testcase classname="tests.test_email_fallback" name="test_dispatch_also_sends_email_to_snapshot_address" time="0.044" /><testcase classname="tests.test_email_fallback" name="test_email_failure_does_not_fail_whatsapp_send" time="0.017" /><testcase classname="tests.test_email_fallback" name="test_email_skipped_when_no_contact_email" time="0.013" /><testcase classname="tests.test_email_resend" name="test_resend_request_shape_and_id" time="0.026" /><testcase classname="tests.test_email_resend" name="test_resend_403_recorded_as_failed_with_body" time="0.027" /><testcase classname="tests.test_email_resend" name="test_no_key_falls_back_to_outbox_only" time="0.015" /><testcase classname="tests.test_email_resend" name="test_emergent_email_pipe_is_gone" time="0.001" /><testcase classname="tests.test_hub_contacts" name="test_replace_contacts_wipes_and_reinserts" time="0.010" /><testcase classname="tests.test_hub_contacts" name="test_replace_contacts_empty_wipes" time="0.010" /><testcase classname="tests.test_hub_handling" name="test_handling_mode_persisted" time="0.009" /><testcase classname="tests.test_hub_handling" name="test_handling_router_logic_is_covered_via_state" time="0.008" /><testcase classname="tests.test_hub_review" name="test_patch_hub_updates_fields_and_converts_amount" time="0.009" /><testcase classname="tests.test_hub_review" name="test_patch_hub_locked_after_status_not_draft" time="0.008" /><testcase classname="tests.test_iteration2_bug.TestBootstrapCode" name="test_wrong_token_401" time="0.182" /><testcase classname="tests.test_iteration2_bug.TestBootstrapCode" name="test_no_code_yet_404" time="0.124" /><testcase classname="tests.test_iteration2_bug.TestBootstrapCode" name="test_widened_works_for_non_admin" time="0.895" /><testcase classname="tests.test_iteration2_bug.TestOwnerSignInAndDashboard" name="test_owner_e2e_dashboard_200" time="0.984" /><testcase classname="tests.test_iteration2_bug.TestOwnerSignInAndDashboard" name="test_owner_admin_pages_200" time="1.126" /><testcase classname="tests.test_iteration2_bug.TestOwnerSignInAndDashboard" name="test_admin2_regression_dashboard_200" time="1.002" /><testcase classname="tests.test_iteration2_bug.TestNeutralRequestCode" name="test_unknown_email_neutral_and_no_side_effects" time="0.458" /><testcase classname="tests.test_iteration2_bug.TestOtpHygiene" name="test_new_code_invalidates_old_and_no_reuse" time="2.344" /><testcase classname="tests.test_iteration2_bug.TestLeadsCleanup" name="test_admin_leads_no_test_rows" time="1.018"><failure message="AssertionError: admin/leads still contains test rows: ['newowner_0930dd89@example.com', 'rl_8d243da1@example.com', 'rl_c5004c3d@example.com', 'rl_2416f48b@example.com', 'rl_9db92011@example.com'] (total=9)&#10;assert not ['newowner_0930dd89@example.com', 'rl_8d243da1@example.com', 'rl_c5004c3d@example.com', 'rl_2416f48b@example.com', 'rl_9db92011@example.com', 'rl_3941265a@example.com', ...]">self = &lt;test_iteration2_bug.TestLeadsCleanup object at 0xfc7acf7dee90&gt;
owner_session = &lt;requests.sessions.Session object at 0xfc7ac856add0&gt;

    def test_admin_leads_no_test_rows(self, owner_session):
        s = owner_session
        r = s.get(f"{BASE}/api/admin/leads", timeout=15)
        assert r.status_code == 200
        body = r.json()
        # find the list wherever it is
        leads = body if isinstance(body, list) else body.get("leads") or body.get("items") or []
        emails = [l.get("work_email", "") for l in leads]
        example_rows = [e for e in emails if e.endswith("@example.com")]
&gt;       assert not example_rows, f"admin/leads still contains test rows: {example_rows[:5]} (total={len(example_rows)})"
E       AssertionError: admin/leads still contains test rows: ['newowner_0930dd89@example.com', 'rl_8d243da1@example.com', 'rl_c5004c3d@example.com', 'rl_2416f48b@example.com', 'rl_9db92011@example.com'] (total=9)
E       assert not ['newowner_0930dd89@example.com', 'rl_8d243da1@example.com', 'rl_c5004c3d@example.com', 'rl_2416f48b@example.com', 'rl_9db92011@example.com', 'rl_3941265a@example.com', ...]

tests/test_iteration2_bug.py:209: AssertionError</failure></testcase><testcase classname="tests.test_iteration4_whatsapp_webhook_live" name="test_inbound_unsigned_403" time="0.122" /><testcase classname="tests.test_iteration4_whatsapp_webhook_live" name="test_inbound_signed_200_and_persist" time="0.622" /><testcase classname="tests.test_iteration4_whatsapp_webhook_live" name="test_inbound_idempotent" time="0.760" /><testcase classname="tests.test_iteration4_whatsapp_webhook_live" name="test_status_unsigned_403" time="0.128" /><testcase classname="tests.test_iteration4_whatsapp_webhook_live" name="test_status_signed_updates_row" time="0.752" /><testcase classname="tests.test_mark_paid" name="test_mark_paid_flips_status_and_cancels_all_scheduled" time="0.009" /><testcase classname="tests.test_mark_paid" name="test_mark_paid_is_idempotent" time="0.009" /><testcase classname="tests.test_mark_paid" name="test_mark_paid_does_not_touch_already_sent_rows" time="0.010" /><testcase classname="tests.test_mark_paid" name="test_mark_paid_cross_org_404" time="0.007" /><testcase classname="tests.test_phase1_flows" name="test_health" time="0.170" /><testcase classname="tests.test_phase1_flows" name="test_invite_request_known_type_creates_new_lead" time="0.250" /><testcase classname="tests.test_phase1_flows" name="test_invite_request_other_type_manual_review" time="0.259" /><testcase classname="tests.test_phase1_flows" name="test_invite_request_idempotent_same_email" time="0.349" /><testcase classname="tests.test_phase1_flows" name="test_invite_request_honeypot_stores_nothing" time="0.131" /><testcase classname="tests.test_phase1_flows" name="test_invite_request_rate_limited" time="1.348" /><testcase classname="tests.test_phase1_flows" name="test_admin_guard_401_without_session" time="0.128" /><testcase classname="tests.test_phase1_flows" name="test_request_code_neutral_known_and_unknown" time="0.462" /><testcase classname="tests.test_phase1_flows" name="test_admin_login_flow" time="0.460" /><testcase classname="tests.test_phase1_flows" name="test_full_invite_consume_setup_and_suspend" time="1.338" /><testcase classname="tests.test_phase1_flows" name="test_consume_invalid_token" time="0.121" /><testcase classname="tests.test_public_hub" name="test_public_get_returns_redacted_hub_and_sets_viewed_at" time="0.186" /><testcase classname="tests.test_public_hub" name="test_public_confirm_records_payment_date_and_appears_in_timeline" time="0.197" /><testcase classname="tests.test_public_hub" name="test_public_issue_flips_hub_to_disputed" time="0.345" /><testcase classname="tests.test_public_hub" name="test_public_bad_token_404" time="0.133" /><testcase classname="tests.test_public_hub" name="test_public_bad_date_400" time="0.156" /><testcase classname="tests.test_repo_boundary" name="test_only_repositories_touch_db" time="0.004" /><testcase classname="tests.test_scheduler_dispatch" name="test_build_scheduled_rows_cadence_and_snapshot" time="0.006" /><testcase classname="tests.test_scheduler_dispatch" name="test_dispatch_due_sends_only_ready_rows" time="0.317" /><testcase classname="tests.test_scheduler_dispatch" name="test_dispatch_skips_paid_hub_and_records_reason" time="0.016" /><testcase classname="tests.test_scheduler_dispatch" name="test_dispatch_records_failure_but_continues" time="0.382" /><testcase classname="tests.test_scheduler_dispatch" name="test_atomic_claim_never_hands_out_same_row_twice" time="0.010" /><testcase classname="tests.test_section4_approve" name="test_templates_render_all_9_combinations" time="0.008" /><testcase classname="tests.test_section4_approve" name="test_templates_soft_fallbacks_when_data_missing" time="0.005" /><testcase classname="tests.test_section4_approve" name="test_approve_creates_plan_message_and_marks_hub_active" time="0.161" /><testcase classname="tests.test_section4_approve" name="test_approve_requires_consent_and_primary" time="0.011" /><testcase classname="tests.test_section4_approve" name="test_approve_snapshots_contact_at_send_time" time="0.176" /><testcase classname="tests.test_section4_approve" name="test_approve_records_send_failure_but_still_creates_plan" time="0.015" /><testcase classname="tests.test_tenant_isolation" name="test_tenant_repository_isolates_orgs" time="0.006" /><testcase classname="tests.test_tenant_isolation" name="test_tenant_repository_requires_org" time="0.001" /><testcase classname="tests.test_whatsapp_pipe" name="test_whatsapp_inbound_rejects_bad_signature" time="0.133" /><testcase classname="tests.test_whatsapp_pipe" name="test_whatsapp_inbound_accepts_valid_signature_and_persists" time="0.131" /><testcase classname="tests.test_whatsapp_pipe" name="test_whatsapp_inbound_is_idempotent_under_retries" time="0.189" /><testcase classname="tests.test_whatsapp_pipe" name="test_whatsapp_status_callback_updates_row" time="0.225" /><testcase classname="tests.test_whatsapp_pipe" name="test_section1_collections_round_trip" time="0.009" /><testcase classname="tests.test_whatsapp_pipe" name="test_whatsapp_provider_stub_used_when_creds_missing" time="0.007" /></testsuite></testsuites>